# JRE version: OpenJDK Runtime Environment (8.0_152-b01) (build 1.8.0_152-release-915-b01)
# Java VM: OpenJDK 64-Bit Server VM (25.152-b01 mixed mode windows-amd64 compressed oops)
Heap:
 PSYoungGen      total 122368K, used 42940K [0x00000000e0000000, 0x00000000e8900000, 0x0000000100000000)
  eden space 104448K, 41% used [0x00000000e0000000,0x00000000e29ef228,0x00000000e6600000)
  from space 17920K, 0% used [0x00000000e6600000,0x00000000e6600000,0x00000000e7780000)
  to   space 16384K, 0% used [0x00000000e7900000,0x00000000e7900000,0x00000000e8900000)
 ParOldGen       total 104960K, used 35303K [0x00000000a0000000, 0x00000000a6680000, 0x00000000e0000000)
  object space 104960K, 33% used [0x00000000a0000000,0x00000000a2279fd0,0x00000000a6680000)
 Metaspace       used 47706K, capacity 48490K, committed 48768K, reserved 1091584K
  class space    used 6039K, capacity 6231K, committed 6272K, reserved 1048576K
GC Heap History (10 events):
Event: 16.231 GC heap before
{Heap before GC invocations=20 (full 7):
 PSYoungGen      total 113664K, used 11103K [0x00000000e0000000, 0x00000000e8b00000, 0x0000000100000000)
  eden space 95232K, 0% used [0x00000000e0000000,0x00000000e0000000,0x00000000e5d00000)
  from space 18432K, 60% used [0x00000000e5d00000,0x00000000e67d7f00,0x00000000e6f00000)
  to   space 18432K, 0% used [0x00000000e7900000,0x00000000e7900000,0x00000000e8b00000)
 ParOldGen       total 104960K, used 85427K [0x00000000a0000000, 0x00000000a6680000, 0x00000000e0000000)
  object space 104960K, 81% used [0x00000000a0000000,0x00000000a536cf10,0x00000000a6680000)
 Metaspace       used 42196K, capacity 42808K, committed 43264K, reserved 1087488K
  class space    used 5433K, capacity 5612K, committed 5632K, reserved 1048576K
Event: 16.335 GC heap after
Heap after GC invocations=20 (full 7):
 PSYoungGen      total 113664K, used 0K [0x00000000e0000000, 0x00000000e8b00000, 0x0000000100000000)
  eden space 95232K, 0% used [0x00000000e0000000,0x00000000e0000000,0x00000000e5d00000)
  from space 18432K, 0% used [0x00000000e5d00000,0x00000000e5d00000,0x00000000e6f00000)
  to   space 18432K, 0% used [0x00000000e7900000,0x00000000e7900000,0x00000000e8b00000)
 ParOldGen       total 104960K, used 45113K [0x00000000a0000000, 0x00000000a6680000, 0x00000000e0000000)
  object space 104960K, 42% used [0x00000000a0000000,0x00000000a2c0e428,0x00000000a6680000)
 Metaspace       used 42196K, capacity 42808K, committed 43264K, reserved 1087488K
  class space    used 5433K, capacity 5612K, committed 5632K, reserved 1048576K
}
Event: 16.369 GC heap before
{Heap before GC invocations=21 (full 7):
 PSYoungGen      total 113664K, used 57189K [0x00000000e0000000, 0x00000000e8b00000, 0x0000000100000000)
  eden space 95232K, 60% used [0x00000000e0000000,0x00000000e37d9580,0x00000000e5d00000)
  from space 18432K, 0% used [0x00000000e5d00000,0x00000000e5d00000,0x00000000e6f00000)
  to   space 18432K, 0% used [0x00000000e7900000,0x00000000e7900000,0x00000000e8b00000)
 ParOldGen       total 104960K, used 45113K [0x00000000a0000000, 0x00000000a6680000, 0x00000000e0000000)
  object space 104960K, 42% used [0x00000000a0000000,0x00000000a2c0e428,0x00000000a6680000)
 Metaspace       used 42434K, capacity 43108K, committed 43648K, reserved 1087488K
  class space    used 5469K, capacity 5646K, committed 5760K, reserved 1048576K
Event: 16.380 GC heap after
Heap after GC invocations=21 (full 7):
 PSYoungGen      total 120832K, used 10637K [0x00000000e0000000, 0x00000000e8900000, 0x0000000100000000)
  eden space 104448K, 0% used [0x00000000e0000000,0x00000000e0000000,0x00000000e6600000)
  from space 16384K, 64% used [0x00000000e7900000,0x00000000e83637b0,0x00000000e8900000)
  to   space 17920K, 0% used [0x00000000e6600000,0x00000000e6600000,0x00000000e7780000)
 ParOldGen       total 104960K, used 86148K [0x00000000a0000000, 0x00000000a6680000, 0x00000000e0000000)
  object space 104960K, 82% used [0x00000000a0000000,0x00000000a5421290,0x00000000a6680000)
 Metaspace       used 42434K, capacity 43108K, committed 43648K, reserved 1087488K
  class space    used 5469K, capacity 5646K, committed 5760K, reserved 1048576K
}
Event: 16.380 GC heap before
{Heap before GC invocations=22 (full 8):
 PSYoungGen      total 120832K, used 10637K [0x00000000e0000000, 0x00000000e8900000, 0x0000000100000000)
  eden space 104448K, 0% used [0x00000000e0000000,0x00000000e0000000,0x00000000e6600000)
  from space 16384K, 64% used [0x00000000e7900000,0x00000000e83637b0,0x00000000e8900000)
  to   space 17920K, 0% used [0x00000000e6600000,0x00000000e6600000,0x00000000e7780000)
 ParOldGen       total 104960K, used 86148K [0x00000000a0000000, 0x00000000a6680000, 0x00000000e0000000)
  object space 104960K, 82% used [0x00000000a0000000,0x00000000a5421290,0x00000000a6680000)
 Metaspace       used 42434K, capacity 43108K, committed 43648K, reserved 1087488K
  class space    used 5469K, capacity 5646K, committed 5760K, reserved 1048576K
Event: 16.454 GC heap after
Heap after GC invocations=22 (full 8):
 PSYoungGen      total 120832K, used 0K [0x00000000e0000000, 0x00000000e8900000, 0x0000000100000000)
  eden space 104448K, 0% used [0x00000000e0000000,0x00000000e0000000,0x00000000e6600000)
  from space 16384K, 0% used [0x00000000e7900000,0x00000000e7900000,0x00000000e8900000)
  to   space 17920K, 0% used [0x00000000e6600000,0x00000000e6600000,0x00000000e7780000)
 ParOldGen       total 104960K, used 44832K [0x00000000a0000000, 0x00000000a6680000, 0x00000000e0000000)
  object space 104960K, 42% used [0x00000000a0000000,0x00000000a2bc8368,0x00000000a6680000)
 Metaspace       used 42434K, capacity 43108K, committed 43648K, reserved 1087488K
  class space    used 5469K, capacity 5646K, committed 5760K, reserved 1048576K
}
Event: 16.740 GC heap before
{Heap before GC invocations=23 (full 8):
 PSYoungGen      total 120832K, used 104448K [0x00000000e0000000, 0x00000000e8900000, 0x0000000100000000)
  eden space 104448K, 100% used [0x00000000e0000000,0x00000000e6600000,0x00000000e6600000)
  from space 16384K, 0% used [0x00000000e7900000,0x00000000e7900000,0x00000000e8900000)
  to   space 17920K, 0% used [0x00000000e6600000,0x00000000e6600000,0x00000000e7780000)
 ParOldGen       total 104960K, used 44832K [0x00000000a0000000, 0x00000000a6680000, 0x00000000e0000000)
  object space 104960K, 42% used [0x00000000a0000000,0x00000000a2bc8368,0x00000000a6680000)
 Metaspace       used 42803K, capacity 43468K, committed 43904K, reserved 1087488K
  class space    used 5516K, capacity 5680K, committed 5760K, reserved 1048576K
Event: 16.754 GC heap after
Heap after GC invocations=23 (full 8):
 PSYoungGen      total 122368K, used 1053K [0x00000000e0000000, 0x00000000e8900000, 0x0000000100000000)
  eden space 104448K, 0% used [0x00000000e0000000,0x00000000e0000000,0x00000000e6600000)
  from space 17920K, 5% used [0x00000000e6600000,0x00000000e6707518,0x00000000e7780000)
  to   space 16384K, 0% used [0x00000000e7900000,0x00000000e7900000,0x00000000e8900000)
 ParOldGen       total 104960K, used 85868K [0x00000000a0000000, 0x00000000a6680000, 0x00000000e0000000)
  object space 104960K, 81% used [0x00000000a0000000,0x00000000a53db1d0,0x00000000a6680000)
 Metaspace       used 42803K, capacity 43468K, committed 43904K, reserved 1087488K
  class space    used 5516K, capacity 5680K, committed 5760K, reserved 1048576K
}
Event: 16.754 GC heap before
{Heap before GC invocations=24 (full 9):
 PSYoungGen      total 122368K, used 1053K [0x00000000e0000000, 0x00000000e8900000, 0x0000000100000000)
  eden space 104448K, 0% used [0x00000000e0000000,0x00000000e0000000,0x00000000e6600000)
  from space 17920K, 5% used [0x00000000e6600000,0x00000000e6707518,0x00000000e7780000)
  to   space 16384K, 0% used [0x00000000e7900000,0x00000000e7900000,0x00000000e8900000)
 ParOldGen       total 104960K, used 85868K [0x00000000a0000000, 0x00000000a6680000, 0x00000000e0000000)
  object space 104960K, 81% used [0x00000000a0000000,0x00000000a53db1d0,0x00000000a6680000)
 Metaspace       used 42803K, capacity 43468K, committed 43904K, reserved 1087488K
  class space    used 5516K, capacity 5680K, committed 5760K, reserved 1048576K
Event: 16.872 GC heap after
Heap after GC invocations=24 (full 9):
 PSYoungGen      total 122368K, used 0K [0x00000000e0000000, 0x00000000e8900000, 0x0000000100000000)
  eden space 104448K, 0% used [0x00000000e0000000,0x00000000e0000000,0x00000000e6600000)
  from space 17920K, 0% used [0x00000000e6600000,0x00000000e6600000,0x00000000e7780000)
  to   space 16384K, 0% used [0x00000000e7900000,0x00000000e7900000,0x00000000e8900000)
 ParOldGen       total 104960K, used 35303K [0x00000000a0000000, 0x00000000a6680000, 0x00000000e0000000)
  object space 104960K, 33% used [0x00000000a0000000,0x00000000a2279fd0,0x00000000a6680000)
 Metaspace       used 42803K, capacity 43468K, committed 43904K, reserved 1087488K
  class space    used 5516K, capacity 5680K, committed 5760K, reserved 1048576K
}

