# JRE version: OpenJDK Runtime Environment (8.0_152-b01) (build 1.8.0_152-release-915-b01)
# Java VM: OpenJDK 64-Bit Server VM (25.152-b01 mixed mode windows-amd64 compressed oops)
Heap:
 PSYoungGen      total 444416K, used 15875K [0x00000000e0000000, 0x00000000fce80000, 0x0000000100000000)
  eden space 415232K, 3% used [0x00000000e0000000,0x00000000e0f80e68,0x00000000f9580000)
  from space 29184K, 0% used [0x00000000fb200000,0x00000000fb200000,0x00000000fce80000)
  to   space 29184K, 0% used [0x00000000f9580000,0x00000000f9580000,0x00000000fb200000)
 ParOldGen       total 117760K, used 43152K [0x00000000a0000000, 0x00000000a7300000, 0x00000000e0000000)
  object space 117760K, 36% used [0x00000000a0000000,0x00000000a2a240c0,0x00000000a7300000)
 Metaspace       used 70459K, capacity 73092K, committed 75392K, reserved 1114112K
  class space    used 9208K, capacity 9833K, committed 10368K, reserved 1048576K
GC Heap History (10 events):
Event: 28.261 GC heap before
{Heap before GC invocations=12 (full 2):
 PSYoungGen      total 260608K, used 117765K [0x00000000e0000000, 0x00000000f7680000, 0x0000000100000000)
  eden space 244224K, 41% used [0x00000000e0000000,0x00000000e6303f38,0x00000000eee80000)
  from space 16384K, 99% used [0x00000000eee80000,0x00000000efe7d4e0,0x00000000efe80000)
  to   space 24064K, 0% used [0x00000000f5f00000,0x00000000f5f00000,0x00000000f7680000)
 ParOldGen       total 68608K, used 31178K [0x00000000a0000000, 0x00000000a4300000, 0x00000000e0000000)
  object space 68608K, 45% used [0x00000000a0000000,0x00000000a1e72b28,0x00000000a4300000)
 Metaspace       used 56979K, capacity 58988K, committed 59008K, reserved 1099776K
  class space    used 7782K, capacity 8318K, committed 8320K, reserved 1048576K
Event: 28.331 GC heap after
Heap after GC invocations=12 (full 2):
 PSYoungGen      total 354304K, used 24053K [0x00000000e0000000, 0x00000000f8400000, 0x0000000100000000)
  eden space 330240K, 0% used [0x00000000e0000000,0x00000000e0000000,0x00000000f4280000)
  from space 24064K, 99% used [0x00000000f5f00000,0x00000000f767d4e0,0x00000000f7680000)
  to   space 29184K, 0% used [0x00000000f4280000,0x00000000f4280000,0x00000000f5f00000)
 ParOldGen       total 68608K, used 34849K [0x00000000a0000000, 0x00000000a4300000, 0x00000000e0000000)
  object space 68608K, 50% used [0x00000000a0000000,0x00000000a2208450,0x00000000a4300000)
 Metaspace       used 56979K, capacity 58988K, committed 59008K, reserved 1099776K
  class space    used 7782K, capacity 8318K, committed 8320K, reserved 1048576K
}
Event: 28.331 GC heap before
{Heap before GC invocations=13 (full 3):
 PSYoungGen      total 354304K, used 24053K [0x00000000e0000000, 0x00000000f8400000, 0x0000000100000000)
  eden space 330240K, 0% used [0x00000000e0000000,0x00000000e0000000,0x00000000f4280000)
  from space 24064K, 99% used [0x00000000f5f00000,0x00000000f767d4e0,0x00000000f7680000)
  to   space 29184K, 0% used [0x00000000f4280000,0x00000000f4280000,0x00000000f5f00000)
 ParOldGen       total 68608K, used 34849K [0x00000000a0000000, 0x00000000a4300000, 0x00000000e0000000)
  object space 68608K, 50% used [0x00000000a0000000,0x00000000a2208450,0x00000000a4300000)
 Metaspace       used 56979K, capacity 58988K, committed 59008K, reserved 1099776K
  class space    used 7782K, capacity 8318K, committed 8320K, reserved 1048576K
Event: 28.804 GC heap after
Heap after GC invocations=13 (full 3):
 PSYoungGen      total 354304K, used 0K [0x00000000e0000000, 0x00000000f8400000, 0x0000000100000000)
  eden space 330240K, 0% used [0x00000000e0000000,0x00000000e0000000,0x00000000f4280000)
  from space 24064K, 0% used [0x00000000f5f00000,0x00000000f5f00000,0x00000000f7680000)
  to   space 29184K, 0% used [0x00000000f4280000,0x00000000f4280000,0x00000000f5f00000)
 ParOldGen       total 117760K, used 47737K [0x00000000a0000000, 0x00000000a7300000, 0x00000000e0000000)
  object space 117760K, 40% used [0x00000000a0000000,0x00000000a2e9e790,0x00000000a7300000)
 Metaspace       used 56979K, capacity 58988K, committed 59008K, reserved 1099776K
  class space    used 7782K, capacity 8318K, committed 8320K, reserved 1048576K
}
Event: 6837.721 GC heap before
{Heap before GC invocations=14 (full 3):
 PSYoungGen      total 354304K, used 330240K [0x00000000e0000000, 0x00000000f8400000, 0x0000000100000000)
  eden space 330240K, 100% used [0x00000000e0000000,0x00000000f4280000,0x00000000f4280000)
  from space 24064K, 0% used [0x00000000f5f00000,0x00000000f5f00000,0x00000000f7680000)
  to   space 29184K, 0% used [0x00000000f4280000,0x00000000f4280000,0x00000000f5f00000)
 ParOldGen       total 117760K, used 47737K [0x00000000a0000000, 0x00000000a7300000, 0x00000000e0000000)
  object space 117760K, 40% used [0x00000000a0000000,0x00000000a2e9e790,0x00000000a7300000)
 Metaspace       used 67240K, capacity 70472K, committed 70784K, reserved 1110016K
  class space    used 8956K, capacity 9759K, committed 9856K, reserved 1048576K
Event: 6846.740 GC heap after
Heap after GC invocations=14 (full 3):
 PSYoungGen      total 359424K, used 17034K [0x00000000e0000000, 0x00000000fce80000, 0x0000000100000000)
  eden space 330240K, 0% used [0x00000000e0000000,0x00000000e0000000,0x00000000f4280000)
  from space 29184K, 58% used [0x00000000f4280000,0x00000000f5322a90,0x00000000f5f00000)
  to   space 29184K, 0% used [0x00000000fb200000,0x00000000fb200000,0x00000000fce80000)
 ParOldGen       total 117760K, used 47745K [0x00000000a0000000, 0x00000000a7300000, 0x00000000e0000000)
  object space 117760K, 40% used [0x00000000a0000000,0x00000000a2ea0790,0x00000000a7300000)
 Metaspace       used 67240K, capacity 70472K, committed 70784K, reserved 1110016K
  class space    used 8956K, capacity 9759K, committed 9856K, reserved 1048576K
}
Event: 6984.564 GC heap before
{Heap before GC invocations=15 (full 3):
 PSYoungGen      total 359424K, used 317963K [0x00000000e0000000, 0x00000000fce80000, 0x0000000100000000)
  eden space 330240K, 91% used [0x00000000e0000000,0x00000000f25e0328,0x00000000f4280000)
  from space 29184K, 58% used [0x00000000f4280000,0x00000000f5322a90,0x00000000f5f00000)
  to   space 29184K, 0% used [0x00000000fb200000,0x00000000fb200000,0x00000000fce80000)
 ParOldGen       total 117760K, used 47745K [0x00000000a0000000, 0x00000000a7300000, 0x00000000e0000000)
  object space 117760K, 40% used [0x00000000a0000000,0x00000000a2ea0790,0x00000000a7300000)
 Metaspace       used 71785K, capacity 75260K, committed 75392K, reserved 1114112K
  class space    used 9515K, capacity 10363K, committed 10368K, reserved 1048576K
Event: 6984.621 GC heap after
Heap after GC invocations=15 (full 3):
 PSYoungGen      total 444416K, used 17728K [0x00000000e0000000, 0x00000000fce80000, 0x0000000100000000)
  eden space 415232K, 0% used [0x00000000e0000000,0x00000000e0000000,0x00000000f9580000)
  from space 29184K, 60% used [0x00000000fb200000,0x00000000fc350350,0x00000000fce80000)
  to   space 29184K, 0% used [0x00000000f9580000,0x00000000f9580000,0x00000000fb200000)
 ParOldGen       total 117760K, used 47753K [0x00000000a0000000, 0x00000000a7300000, 0x00000000e0000000)
  object space 117760K, 40% used [0x00000000a0000000,0x00000000a2ea2790,0x00000000a7300000)
 Metaspace       used 71785K, capacity 75260K, committed 75392K, reserved 1114112K
  class space    used 9515K, capacity 10363K, committed 10368K, reserved 1048576K
}
Event: 6984.621 GC heap before
{Heap before GC invocations=16 (full 4):
 PSYoungGen      total 444416K, used 17728K [0x00000000e0000000, 0x00000000fce80000, 0x0000000100000000)
  eden space 415232K, 0% used [0x00000000e0000000,0x00000000e0000000,0x00000000f9580000)
  from space 29184K, 60% used [0x00000000fb200000,0x00000000fc350350,0x00000000fce80000)
  to   space 29184K, 0% used [0x00000000f9580000,0x00000000f9580000,0x00000000fb200000)
 ParOldGen       total 117760K, used 47753K [0x00000000a0000000, 0x00000000a7300000, 0x00000000e0000000)
  object space 117760K, 40% used [0x00000000a0000000,0x00000000a2ea2790,0x00000000a7300000)
 Metaspace       used 71785K, capacity 75260K, committed 75392K, reserved 1114112K
  class space    used 9515K, capacity 10363K, committed 10368K, reserved 1048576K
Event: 6988.551 GC heap after
Heap after GC invocations=16 (full 4):
 PSYoungGen      total 444416K, used 0K [0x00000000e0000000, 0x00000000fce80000, 0x0000000100000000)
  eden space 415232K, 0% used [0x00000000e0000000,0x00000000e0000000,0x00000000f9580000)
  from space 29184K, 0% used [0x00000000fb200000,0x00000000fb200000,0x00000000fce80000)
  to   space 29184K, 0% used [0x00000000f9580000,0x00000000f9580000,0x00000000fb200000)
 ParOldGen       total 117760K, used 43152K [0x00000000a0000000, 0x00000000a7300000, 0x00000000e0000000)
  object space 117760K, 36% used [0x00000000a0000000,0x00000000a2a240c0,0x00000000a7300000)
 Metaspace       used 70075K, capacity 72682K, committed 75392K, reserved 1114112K
  class space    used 9148K, capacity 9806K, committed 10368K, reserved 1048576K
}

